%!Adobe-FontList 1.22
%Locale:0x409

%BeginFont
Handler:DirectoryHandler
FontType:Invalid
OutlineFileName:/Users/edolzadelli/OneDrive - Minderoo/WALK FREE/Investor Project/Output/WF_InvestorProject_WebVisuals_V4 Folder/Document fonts/AdobeFnt22.lst
FileLength:13846
FileModTime:636022465
%EndFont

%BeginFont
Handler:DirectoryHandler
FontType:Type1
FontName:Gotham-Bold
FamilyName:Gotham
StyleName:Bold
MenuName:Gotham
StyleBits:2
WeightClass:700
WidthClass:5
AngleClass:0
FullName:Gotham-Bold
WritingScript:Roman
OutlineFileName:/Users/edolzadelli/OneDrive - Minderoo/WALK FREE/Investor Project/Output/WF_InvestorProject_WebVisuals_V4 Folder/Document fonts/Gotham Bold.otf
DataFormat:sfntData
UsesStandardEncoding:yes
isCFF:yes
hasSVG:no
VariableFontType:NonVariableFont
FileLength:30012
FileModTime:184261748
NameArray:0,Mac,4,Gotham-Bold
NameArray:0,Win,1,Gotham
%EndFont

%BeginFont
Handler:DirectoryHandler
FontType:Type1
FontName:GothamNarrow-Bold
FamilyName:Gotham Narrow
StyleName:Bold
MenuName:Gotham Narrow Bold
StyleBits:0
WeightClass:400
WidthClass:3
AngleClass:0
FullName:Gotham Narrow Bold
WritingScript:Roman
OutlineFileName:/Users/edolzadelli/OneDrive - Minderoo/WALK FREE/Investor Project/Output/WF_InvestorProject_WebVisuals_V4 Folder/Document fonts/GothamNarrow-Bold.otf
DataFormat:sfntData
UsesStandardEncoding:yes
isCFF:yes
hasSVG:no
VariableFontType:NonVariableFont
FileLength:176412
FileModTime:405843084
NameArray:0,Mac,4,Gotham Narrow Bold
NameArray:0,Win,1,Gotham Narrow Bold
NameArray:0,Win,16,Gotham Narrow
%EndFont

%BeginFont
Handler:DirectoryHandler
FontType:Type1
FontName:GothamNarrow-Book
FamilyName:Gotham Narrow
StyleName:Book
MenuName:Gotham Narrow Book
StyleBits:0
WeightClass:325
WidthClass:3
AngleClass:0
FullName:Gotham Narrow Book
WritingScript:Roman
OutlineFileName:/Users/edolzadelli/OneDrive - Minderoo/WALK FREE/Investor Project/Output/WF_InvestorProject_WebVisuals_V4 Folder/Document fonts/GothamNarrow-Book.otf
DataFormat:sfntData
UsesStandardEncoding:yes
isCFF:yes
hasSVG:no
VariableFontType:NonVariableFont
FileLength:177824
FileModTime:405843089
NameArray:0,Mac,4,Gotham Narrow Book
NameArray:0,Win,1,Gotham Narrow Book
NameArray:0,Win,16,Gotham Narrow
%EndFont

%BeginFont
Handler:DirectoryHandler
FontType:Type1
FontName:GothamNarrow-Medium
FamilyName:Gotham Narrow
StyleName:Medium
MenuName:Gotham Narrow Medium
StyleBits:0
WeightClass:350
WidthClass:3
AngleClass:0
FullName:Gotham Narrow Medium
WritingScript:Roman
OutlineFileName:/Users/edolzadelli/OneDrive - Minderoo/WALK FREE/Investor Project/Output/WF_InvestorProject_WebVisuals_V4 Folder/Document fonts/GothamNarrow-Medium.otf
DataFormat:sfntData
UsesStandardEncoding:yes
isCFF:yes
hasSVG:no
VariableFontType:NonVariableFont
FileLength:178648
FileModTime:405843089
NameArray:0,Mac,4,Gotham Narrow Medium
NameArray:0,Win,1,Gotham Narrow Medium
NameArray:0,Win,16,Gotham Narrow
%EndFont

%BeginFont
Handler:DirectoryHandler
FontType:Type1
FontName:GothamNarrow-MediumItalic
FamilyName:Gotham Narrow
StyleName:Medium Italic
MenuName:Gotham Narrow Medium
StyleBits:1
WeightClass:350
WidthClass:3
AngleClass:1
FullName:Gotham Narrow Medium Italic
WritingScript:Roman
OutlineFileName:/Users/edolzadelli/OneDrive - Minderoo/WALK FREE/Investor Project/Output/WF_InvestorProject_WebVisuals_V4 Folder/Document fonts/GothamNarrow-MediumItalic.otf
DataFormat:sfntData
UsesStandardEncoding:yes
isCFF:yes
hasSVG:no
VariableFontType:NonVariableFont
FileLength:198100
FileModTime:405843096
NameArray:0,Mac,4,Gotham Narrow Medium Italic
NameArray:0,Win,1,Gotham Narrow Medium
NameArray:0,Win,16,Gotham Narrow
%EndFont

%BeginFont
Handler:DirectoryHandler
FontType:Type1
FontName:TiemposText-Regular
FamilyName:Tiempos Text
StyleName:Regular
MenuName:Tiempos Text Regular
StyleBits:0
WeightClass:400
WidthClass:5
AngleClass:0
FullName:Tiempos Text
WritingScript:Roman
OutlineFileName:/Users/edolzadelli/OneDrive - Minderoo/WALK FREE/Investor Project/Output/WF_InvestorProject_WebVisuals_V4 Folder/Document fonts/TiemposText-Regular.otf
DataFormat:sfntData
UsesStandardEncoding:yes
isCFF:yes
hasSVG:no
VariableFontType:NonVariableFont
FileLength:92800
FileModTime:335770886
NameArray:0,Mac,18,Tiempos Text Regular
NameArray:0,Mac,4,Tiempos Text
NameArray:0,Win,1,Tiempos Text Regular
NameArray:0,Win,16,Tiempos Text
%EndFont

%BeginFont
Handler:DirectoryHandler
FontType:Type1
FontName:TiemposText-RegularItalic
FamilyName:Tiempos Text
StyleName:Regular Italic
MenuName:Tiempos Text Regular
StyleBits:1
WeightClass:400
WidthClass:5
AngleClass:1
FullName:Tiempos Text Regular Italic
WritingScript:Roman
OutlineFileName:/Users/edolzadelli/OneDrive - Minderoo/WALK FREE/Investor Project/Output/WF_InvestorProject_WebVisuals_V4 Folder/Document fonts/TiemposText-RegularItalic.otf
DataFormat:sfntData
UsesStandardEncoding:yes
isCFF:yes
hasSVG:no
VariableFontType:NonVariableFont
FileLength:96324
FileModTime:335770875
NameArray:0,Mac,4,Tiempos Text Regular Italic
NameArray:0,Win,1,Tiempos Text Regular
NameArray:0,Win,16,Tiempos Text
%EndFont

%BeginFont
Handler:DirectoryHandler
FontType:Type1
FontName:MediaSans-Black
FamilyName:Media Sans
StyleName:Black
MenuName:Media Sans Black
StyleBits:0
WeightClass:900
WidthClass:5
AngleClass:0
FullName:Media Sans Black
WritingScript:Roman
OutlineFileName:/Users/edolzadelli/OneDrive - Minderoo/WALK FREE/Investor Project/Output/WF_InvestorProject_WebVisuals_V4 Folder/Document fonts/mediasans-black-TRIAL.otf
DataFormat:sfntData
UsesStandardEncoding:yes
isCFF:yes
hasSVG:no
VariableFontType:NonVariableFont
FileLength:17136
FileModTime:621116194
NameArray:0,Win,1,Media Sans Black
NameArray:0,Win,16,Media Sans
%EndFont

%BeginFont
Handler:DirectoryHandler
FontType:TrueType
FontName:HelveticaNeue
FamilyName:Helvetica Neue
StyleName:Regular
MenuName:Helvetica Neue
StyleBits:0
WeightClass:400
WidthClass:5
AngleClass:0
FullName:Helvetica Neue
WritingScript:Roman
OutlineFileName:/Users/edolzadelli/OneDrive - Minderoo/WALK FREE/Investor Project/Output/WF_InvestorProject_WebVisuals_V4 Folder/Document fonts/HelveticaNeue.ttc
TTCOffset:80
DataFormat:sfntData
hasSVG:no
VariableFontType:NonVariableFont
FileLength:6171680
FileModTime:636022465
NameArray:0,Mac,4,Helvetica Neue
%EndFont

%BeginFont
Handler:DirectoryHandler
FontType:TrueType
FontName:HelveticaNeue-Bold
FamilyName:Helvetica Neue
StyleName:Bold
MenuName:Helvetica Neue
StyleBits:2
WeightClass:700
WidthClass:5
AngleClass:0
FullName:Helvetica Neue Bold
WritingScript:Roman
OutlineFileName:/Users/edolzadelli/OneDrive - Minderoo/WALK FREE/Investor Project/Output/WF_InvestorProject_WebVisuals_V4 Folder/Document fonts/HelveticaNeue.ttc
TTCOffset:396
DataFormat:sfntData
hasSVG:no
VariableFontType:NonVariableFont
FileLength:6171680
FileModTime:636022465
NameArray:0,Mac,4,Helvetica Neue Bold
%EndFont

%BeginFont
Handler:DirectoryHandler
FontType:TrueType
FontName:HelveticaNeue-BoldItalic
FamilyName:Helvetica Neue
StyleName:Bold Italic
MenuName:Helvetica Neue
StyleBits:3
WeightClass:700
WidthClass:5
AngleClass:1
FullName:Helvetica Neue Bold Italic
WritingScript:Roman
OutlineFileName:/Users/edolzadelli/OneDrive - Minderoo/WALK FREE/Investor Project/Output/WF_InvestorProject_WebVisuals_V4 Folder/Document fonts/HelveticaNeue.ttc
TTCOffset:1108
DataFormat:sfntData
hasSVG:no
VariableFontType:NonVariableFont
FileLength:6171680
FileModTime:636022465
NameArray:0,Mac,4,Helvetica Neue Bold Italic
%EndFont

%BeginFont
Handler:DirectoryHandler
FontType:TrueType
FontName:HelveticaNeue-CondensedBlack
FamilyName:Helvetica Neue
StyleName:Condensed Black
MenuName:Helvetica Neue
StyleBits:2
WeightClass:900
WidthClass:3
AngleClass:0
FullName:Helvetica Neue Condensed Black
WritingScript:Roman
OutlineFileName:/Users/edolzadelli/OneDrive - Minderoo/WALK FREE/Investor Project/Output/WF_InvestorProject_WebVisuals_V4 Folder/Document fonts/HelveticaNeue.ttc
TTCOffset:3228
DataFormat:sfntData
hasSVG:no
VariableFontType:NonVariableFont
FileLength:6171680
FileModTime:636022465
NameArray:0,Mac,4,Helvetica Neue Condensed Black
%EndFont

%BeginFont
Handler:DirectoryHandler
FontType:TrueType
FontName:HelveticaNeue-CondensedBold
FamilyName:Helvetica Neue
StyleName:Condensed Bold
MenuName:Helvetica Neue
StyleBits:2
WeightClass:700
WidthClass:3
AngleClass:0
FullName:Helvetica Neue Condensed Bold
WritingScript:Roman
OutlineFileName:/Users/edolzadelli/OneDrive - Minderoo/WALK FREE/Investor Project/Output/WF_InvestorProject_WebVisuals_V4 Folder/Document fonts/HelveticaNeue.ttc
TTCOffset:1472
DataFormat:sfntData
hasSVG:no
VariableFontType:NonVariableFont
FileLength:6171680
FileModTime:636022465
NameArray:0,Mac,4,Helvetica Neue Condensed Bold
%EndFont

%BeginFont
Handler:DirectoryHandler
FontType:TrueType
FontName:HelveticaNeue-Italic
FamilyName:Helvetica Neue
StyleName:Italic
MenuName:Helvetica Neue
StyleBits:1
WeightClass:400
WidthClass:5
AngleClass:1
FullName:Helvetica Neue Italic
WritingScript:Roman
OutlineFileName:/Users/edolzadelli/OneDrive - Minderoo/WALK FREE/Investor Project/Output/WF_InvestorProject_WebVisuals_V4 Folder/Document fonts/HelveticaNeue.ttc
TTCOffset:744
DataFormat:sfntData
hasSVG:no
VariableFontType:NonVariableFont
FileLength:6171680
FileModTime:636022465
NameArray:0,Mac,4,Helvetica Neue Italic
%EndFont

%BeginFont
Handler:DirectoryHandler
FontType:TrueType
FontName:HelveticaNeue-Light
FamilyName:Helvetica Neue
StyleName:Light
MenuName:Helvetica Neue
StyleBits:0
WeightClass:300
WidthClass:5
AngleClass:0
FullName:Helvetica Neue Light
WritingScript:Roman
OutlineFileName:/Users/edolzadelli/OneDrive - Minderoo/WALK FREE/Investor Project/Output/WF_InvestorProject_WebVisuals_V4 Folder/Document fonts/HelveticaNeue.ttc
TTCOffset:2532
DataFormat:sfntData
hasSVG:no
VariableFontType:NonVariableFont
FileLength:6171680
FileModTime:636022465
NameArray:0,Mac,4,Helvetica Neue Light
%EndFont

%BeginFont
Handler:DirectoryHandler
FontType:TrueType
FontName:HelveticaNeue-LightItalic
FamilyName:Helvetica Neue
StyleName:Light Italic
MenuName:Helvetica Neue
StyleBits:1
WeightClass:300
WidthClass:5
AngleClass:1
FullName:Helvetica Neue Light Italic
WritingScript:Roman
OutlineFileName:/Users/edolzadelli/OneDrive - Minderoo/WALK FREE/Investor Project/Output/WF_InvestorProject_WebVisuals_V4 Folder/Document fonts/HelveticaNeue.ttc
TTCOffset:2880
DataFormat:sfntData
hasSVG:no
VariableFontType:NonVariableFont
FileLength:6171680
FileModTime:636022465
NameArray:0,Mac,4,Helvetica Neue Light Italic
%EndFont

%BeginFont
Handler:DirectoryHandler
FontType:TrueType
FontName:HelveticaNeue-Medium
FamilyName:Helvetica Neue
StyleName:Medium
MenuName:Helvetica Neue
StyleBits:0
WeightClass:500
WidthClass:5
AngleClass:0
FullName:Helvetica Neue Medium
WritingScript:Roman
OutlineFileName:/Users/edolzadelli/OneDrive - Minderoo/WALK FREE/Investor Project/Output/WF_InvestorProject_WebVisuals_V4 Folder/Document fonts/HelveticaNeue.ttc
TTCOffset:3592
DataFormat:sfntData
hasSVG:no
VariableFontType:NonVariableFont
FileLength:6171680
FileModTime:636022465
NameArray:0,Mac,4,Helvetica Neue Medium
%EndFont

%BeginFont
Handler:DirectoryHandler
FontType:TrueType
FontName:HelveticaNeue-MediumItalic
FamilyName:Helvetica Neue
StyleName:Medium Italic
MenuName:Helvetica Neue
StyleBits:0
WeightClass:500
WidthClass:5
AngleClass:0
FullName:Helvetica Neue Medium Italic
WritingScript:Roman
OutlineFileName:/Users/edolzadelli/OneDrive - Minderoo/WALK FREE/Investor Project/Output/WF_InvestorProject_WebVisuals_V4 Folder/Document fonts/HelveticaNeue.ttc
TTCOffset:3940
DataFormat:sfntData
hasSVG:no
VariableFontType:NonVariableFont
FileLength:6171680
FileModTime:636022465
NameArray:0,Mac,4,Helvetica Neue Medium Italic
%EndFont

%BeginFont
Handler:DirectoryHandler
FontType:TrueType
FontName:HelveticaNeue-Thin
FamilyName:Helvetica Neue
StyleName:Thin
MenuName:Helvetica Neue
StyleBits:0
WeightClass:200
WidthClass:5
AngleClass:0
FullName:Helvetica Neue Thin
WritingScript:Roman
OutlineFileName:/Users/edolzadelli/OneDrive - Minderoo/WALK FREE/Investor Project/Output/WF_InvestorProject_WebVisuals_V4 Folder/Document fonts/HelveticaNeue.ttc
TTCOffset:4208
DataFormat:sfntData
hasSVG:no
VariableFontType:NonVariableFont
FileLength:6171680
FileModTime:636022465
NameArray:0,Mac,4,Helvetica Neue Thin
NameArray:0,Win,1,Helvetica Neue
%EndFont

%BeginFont
Handler:DirectoryHandler
FontType:TrueType
FontName:HelveticaNeue-ThinItalic
FamilyName:Helvetica Neue
StyleName:Thin Italic
MenuName:Helvetica Neue
StyleBits:0
WeightClass:200
WidthClass:5
AngleClass:0
FullName:Helvetica Neue Thin Italic
WritingScript:Roman
OutlineFileName:/Users/edolzadelli/OneDrive - Minderoo/WALK FREE/Investor Project/Output/WF_InvestorProject_WebVisuals_V4 Folder/Document fonts/HelveticaNeue.ttc
TTCOffset:4524
DataFormat:sfntData
hasSVG:no
VariableFontType:NonVariableFont
FileLength:6171680
FileModTime:636022465
NameArray:0,Mac,4,Helvetica Neue Thin Italic
NameArray:0,Win,1,Helvetica Neue
%EndFont

%BeginFont
Handler:DirectoryHandler
FontType:TrueType
FontName:HelveticaNeue-UltraLight
FamilyName:Helvetica Neue
StyleName:UltraLight
MenuName:Helvetica Neue
StyleBits:0
WeightClass:100
WidthClass:5
AngleClass:0
FullName:Helvetica Neue UltraLight
WritingScript:Roman
OutlineFileName:/Users/edolzadelli/OneDrive - Minderoo/WALK FREE/Investor Project/Output/WF_InvestorProject_WebVisuals_V4 Folder/Document fonts/HelveticaNeue.ttc
TTCOffset:1836
DataFormat:sfntData
hasSVG:no
VariableFontType:NonVariableFont
FileLength:6171680
FileModTime:636022465
NameArray:0,Mac,4,Helvetica Neue UltraLight
%EndFont

%BeginFont
Handler:DirectoryHandler
FontType:TrueType
FontName:HelveticaNeue-UltraLightItalic
FamilyName:Helvetica Neue
StyleName:UltraLight Italic
MenuName:Helvetica Neue
StyleBits:1
WeightClass:100
WidthClass:5
AngleClass:1
FullName:Helvetica Neue UltraLight Italic
WritingScript:Roman
OutlineFileName:/Users/edolzadelli/OneDrive - Minderoo/WALK FREE/Investor Project/Output/WF_InvestorProject_WebVisuals_V4 Folder/Document fonts/HelveticaNeue.ttc
TTCOffset:2168
DataFormat:sfntData
hasSVG:no
VariableFontType:NonVariableFont
FileLength:6171680
FileModTime:636022465
NameArray:0,Mac,4,Helvetica Neue UltraLight Italic
%EndFont

